<?xml version="1.0" encoding="UTF-8"?>
<testsuite xmlns:xsi="http://www.w3.org/2001/XMLSchema-instance" xsi:noNamespaceSchemaLocation="https://maven.apache.org/surefire/maven-surefire-plugin/xsd/surefire-test-report-3.0.xsd" version="3.0" name="examples.ExamplesTest" time="9.536" tests="1" errors="0" skipped="0" failures="1">
  <properties>
[...]
</properties>
  <testcase name="testParallel" classname="examples.ExamplesTest" time="9.502">
    <failure message="status code was: 200, expected: 404, response time in milliseconds: 16, url: http://localhost:8081/api/v1/product/1384b191-0be0-4968-8db3-42cfd336e37f/, response: &#10;{&quot;count&quot;:1,&quot;status&quot;:true,&quot;message&quot;:&quot;El producto fue eliminado con éxito&quot;}&#10;classpath:examples/users/eliminar sp.feature:14&#10;status code was: 400, expected: 500, response time in milliseconds: 11, url: http://localhost:8081/api/v1/product/1384b191-0be0-4968-8db3-42cfd336e37f/, response: &#10;{&quot;count&quot;:0,&quot;status&quot;:false,&quot;message&quot;:&quot;El producto no fue encontrado&quot;}&#10;classpath:examples/users/eliminar sp.feature:14 ==&gt; expected: &lt;0&gt; but was: &lt;2&gt;" type="org.opentest4j.AssertionFailedError"><![CDATA[org.opentest4j.AssertionFailedError: 
status code was: 200, expected: 404, response time in milliseconds: 16, url: http://localhost:8081/api/v1/product/1384b191-0be0-4968-8db3-42cfd336e37f/, response: 
{"count":1,"status":true,"message":"El producto fue eliminado con éxito"}
classpath:examples/users/eliminar sp.feature:14
status code was: 400, expected: 500, response time in milliseconds: 11, url: http://localhost:8081/api/v1/product/1384b191-0be0-4968-8db3-42cfd336e37f/, response: 
{"count":0,"status":false,"message":"El producto no fue encontrado"}
classpath:examples/users/eliminar sp.feature:14 ==> expected: <0> but was: <2>
	at org.junit.jupiter.api.AssertionFailureBuilder.build(AssertionFailureBuilder.java:151)
	at org.junit.jupiter.api.AssertionFailureBuilder.buildAndThrow(AssertionFailureBuilder.java:132)
	at org.junit.jupiter.api.AssertEquals.failNotEqual(AssertEquals.java:197)
	at org.junit.jupiter.api.AssertEquals.assertEquals(AssertEquals.java:150)
	at org.junit.jupiter.api.Assertions.assertEquals(Assertions.java:560)
	at examples.ExamplesTest.testParallel(ExamplesTest.java:15)
	at java.base/jdk.internal.reflect.NativeMethodAccessorImpl.invoke0(Native Method)
	at java.base/jdk.internal.reflect.NativeMethodAccessorImpl.invoke(NativeMethodAccessorImpl.java:62)
	at java.base/jdk.internal.reflect.DelegatingMethodAccessorImpl.invoke(DelegatingMethodAccessorImpl.java:43)
	at java.base/java.lang.reflect.Method.invoke(Method.java:566)
	at org.junit.platform.commons.util.ReflectionUtils.invokeMethod(ReflectionUtils.java:727)
	at org.junit.jupiter.engine.execution.MethodInvocation.proceed(MethodInvocation.java:60)
	at org.junit.jupiter.engine.execution.InvocationInterceptorChain$ValidatingInvocation.proceed(InvocationInterceptorChain.java:131)
	at org.junit.jupiter.engine.extension.TimeoutExtension.intercept(TimeoutExtension.java:156)
	at org.junit.jupiter.engine.extension.TimeoutExtension.interceptTestableMethod(TimeoutExtension.java:147)
	at org.junit.jupiter.engine.extension.TimeoutExtension.interceptTestMethod(TimeoutExtension.java:86)
	at org.junit.jupiter.engine.execution.InterceptingExecutableInvoker$ReflectiveInterceptorCall.lambda$ofVoidMethod$0(InterceptingExecutableInvoker.java:103)
	at org.junit.jupiter.engine.execution.InterceptingExecutableInvoker.lambda$invoke$0(InterceptingExecutableInvoker.java:93)
	at org.junit.jupiter.engine.execution.InvocationInterceptorChain$InterceptedInvocation.proceed(InvocationInterceptorChain.java:106)
	at org.junit.jupiter.engine.execution.InvocationInterceptorChain.proceed(InvocationInterceptorChain.java:64)
	at org.junit.jupiter.engine.execution.InvocationInterceptorChain.chainAndInvoke(InvocationInterceptorChain.java:45)
	at org.junit.jupiter.engine.execution.InvocationInterceptorChain.invoke(InvocationInterceptorChain.java:37)
	at org.junit.jupiter.engine.execution.InterceptingExecutableInvoker.invoke(InterceptingExecutableInvoker.java:92)
	at org.junit.jupiter.engine.execution.InterceptingExecutableInvoker.invoke(InterceptingExecutableInvoker.java:86)
	at org.junit.jupiter.engine.descriptor.TestMethodTestDescriptor.lambda$invokeTestMethod$7(TestMethodTestDescriptor.java:217)
	at org.junit.platform.engine.support.hierarchical.ThrowableCollector.execute(ThrowableCollector.java:73)
	at org.junit.jupiter.engine.descriptor.TestMethodTestDescriptor.invokeTestMethod(TestMethodTestDescriptor.java:213)
	at org.junit.jupiter.engine.descriptor.TestMethodTestDescriptor.execute(TestMethodTestDescriptor.java:138)
	at org.junit.jupiter.engine.descriptor.TestMethodTestDescriptor.execute(TestMethodTestDescriptor.java:68)
	at org.junit.platform.engine.support.hierarchical.NodeTestTask.lambda$executeRecursively$6(NodeTestTask.java:151)
	at org.junit.platform.engine.support.hierarchical.ThrowableCollector.execute(ThrowableCollector.java:73)
	at org.junit.platform.engine.support.hierarchical.NodeTestTask.lambda$executeRecursively$8(NodeTestTask.java:141)
	at org.junit.platform.engine.support.hierarchical.Node.around(Node.java:137)
	at org.junit.platform.engine.support.hierarchical.NodeTestTask.lambda$executeRecursively$9(NodeTestTask.java:139)
	at org.junit.platform.engine.support.hierarchical.ThrowableCollector.execute(ThrowableCollector.java:73)
	at org.junit.platform.engine.support.hierarchical.NodeTestTask.executeRecursively(NodeTestTask.java:138)
	at org.junit.platform.engine.support.hierarchical.NodeTestTask.execute(NodeTestTask.java:95)
	at java.base/java.util.ArrayList.forEach(ArrayList.java:1541)
	at org.junit.platform.engine.support.hierarchical.SameThreadHierarchicalTestExecutorService.invokeAll(SameThreadHierarchicalTestExecutorService.java:41)
	at org.junit.platform.engine.support.hierarchical.NodeTestTask.lambda$executeRecursively$6(NodeTestTask.java:155)
	at org.junit.platform.engine.support.hierarchical.ThrowableCollector.execute(ThrowableCollector.java:73)
	at org.junit.platform.engine.support.hierarchical.NodeTestTask.lambda$executeRecursively$8(NodeTestTask.java:141)
	at org.junit.platform.engine.support.hierarchical.Node.around(Node.java:137)
	at org.junit.platform.engine.support.hierarchical.NodeTestTask.lambda$executeRecursively$9(NodeTestTask.java:139)
	at org.junit.platform.engine.support.hierarchical.ThrowableCollector.execute(ThrowableCollector.java:73)
	at org.junit.platform.engine.support.hierarchical.NodeTestTask.executeRecursively(NodeTestTask.java:138)
	at org.junit.platform.engine.support.hierarchical.NodeTestTask.execute(NodeTestTask.java:95)
	at java.base/java.util.ArrayList.forEach(ArrayList.java:1541)
	at org.junit.platform.engine.support.hierarchical.SameThreadHierarchicalTestExecutorService.invokeAll(SameThreadHierarchicalTestExecutorService.java:41)
	at org.junit.platform.engine.support.hierarchical.NodeTestTask.lambda$executeRecursively$6(NodeTestTask.java:155)
	at org.junit.platform.engine.support.hierarchical.ThrowableCollector.execute(ThrowableCollector.java:73)
	at org.junit.platform.engine.support.hierarchical.NodeTestTask.lambda$executeRecursively$8(NodeTestTask.java:141)
	at org.junit.platform.engine.support.hierarchical.Node.around(Node.java:137)
	at org.junit.platform.engine.support.hierarchical.NodeTestTask.lambda$executeRecursively$9(NodeTestTask.java:139)
	at org.junit.platform.engine.support.hierarchical.ThrowableCollector.execute(ThrowableCollector.java:73)
	at org.junit.platform.engine.support.hierarchical.NodeTestTask.executeRecursively(NodeTestTask.java:138)
	at org.junit.platform.engine.support.hierarchical.NodeTestTask.execute(NodeTestTask.java:95)
	at org.junit.platform.engine.support.hierarchical.SameThreadHierarchicalTestExecutorService.submit(SameThreadHierarchicalTestExecutorService.java:35)
	at org.junit.platform.engine.support.hierarchical.HierarchicalTestExecutor.execute(HierarchicalTestExecutor.java:57)
	at org.junit.platform.engine.support.hierarchical.HierarchicalTestEngine.execute(HierarchicalTestEngine.java:54)
	at org.junit.platform.launcher.core.EngineExecutionOrchestrator.execute(EngineExecutionOrchestrator.java:147)
	at org.junit.platform.launcher.core.EngineExecutionOrchestrator.execute(EngineExecutionOrchestrator.java:127)
	at org.junit.platform.launcher.core.EngineExecutionOrchestrator.execute(EngineExecutionOrchestrator.java:90)
	at org.junit.platform.launcher.core.EngineExecutionOrchestrator.lambda$execute$0(EngineExecutionOrchestrator.java:55)
	at org.junit.platform.launcher.core.EngineExecutionOrchestrator.withInterceptedStreams(EngineExecutionOrchestrator.java:102)
	at org.junit.platform.launcher.core.EngineExecutionOrchestrator.execute(EngineExecutionOrchestrator.java:54)
	at org.junit.platform.launcher.core.DefaultLauncher.execute(DefaultLauncher.java:114)
	at org.junit.platform.launcher.core.DefaultLauncher.execute(DefaultLauncher.java:86)
	at org.junit.platform.launcher.core.DefaultLauncherSession$DelegatingLauncher.execute(DefaultLauncherSession.java:86)
	at org.apache.maven.surefire.junitplatform.LazyLauncher.execute(LazyLauncher.java:50)
	at org.apache.maven.surefire.junitplatform.JUnitPlatformProvider.execute(JUnitPlatformProvider.java:184)
	at org.apache.maven.surefire.junitplatform.JUnitPlatformProvider.invokeAllTests(JUnitPlatformProvider.java:148)
	at org.apache.maven.surefire.junitplatform.JUnitPlatformProvider.invoke(JUnitPlatformProvider.java:122)
	at org.apache.maven.surefire.booter.ForkedBooter.runSuitesInProcess(ForkedBooter.java:385)
	at org.apache.maven.surefire.booter.ForkedBooter.execute(ForkedBooter.java:162)
	at org.apache.maven.surefire.booter.ForkedBooter.run(ForkedBooter.java:507)
	at org.apache.maven.surefire.booter.ForkedBooter.main(ForkedBooter.java:495)
]]></failure>
    <system-out><![CDATA[23:06:03.890 [main] DEBUG com.intuit.karate.Suite - [config] classpath:karate-config.js
23:06:03.909 [main] DEBUG com.intuit.karate.Suite - waiting for 11 features to complete
23:06:06.917 [pool-2-thread-1] INFO  com.intuit.karate - karate.env system property was: null 
23:06:06.917 [pool-2-thread-4] INFO  com.intuit.karate - karate.env system property was: null 
23:06:06.917 [pool-2-thread-5] INFO  com.intuit.karate - karate.env system property was: null 
23:06:06.917 [pool-2-thread-3] INFO  com.intuit.karate - karate.env system property was: null 
23:06:06.917 [pool-2-thread-2] INFO  com.intuit.karate - karate.env system property was: null 
23:06:07.022 [pool-2-thread-5] INFO  com.intuit.karate - >> lock acquired, begin callonce: read("nuevo.feature")
23:06:07.958 [pool-2-thread-4] DEBUG com.intuit.karate - request:
1 > POST http://localhost:8081/api/v1/product/
1 > Accept: application/json
1 > Content-Type: application/json; charset=UTF-8
1 > Content-Length: 51
1 > Host: localhost:8081
1 > Connection: Keep-Alive
1 > User-Agent: Apache-HttpClient/4.5.14 (Java/11.0.22)
1 > Accept-Encoding: gzip,deflate
{"name":"Redmi  101","description":"","price":1100}

23:06:07.958 [pool-2-thread-1] DEBUG com.intuit.karate - request:
1 > POST http://localhost:8081/api/v1/product/
1 > Accept: application/json
1 > Content-Type: application/json; charset=UTF-8
1 > Content-Length: 69
1 > Host: localhost:8081
1 > Connection: Keep-Alive
1 > User-Agent: Apache-HttpClient/4.5.14 (Java/11.0.22)
1 > Accept-Encoding: gzip,deflate
{"name":"Iphone 900","description":"Gama Alta de Apple","price":3000}

23:06:07.958 [pool-2-thread-5] DEBUG com.intuit.karate - request:
1 > POST http://localhost:8081/api/v1/product/
1 > Accept: application/json
1 > Content-Type: application/json; charset=UTF-8
1 > Content-Length: 69
1 > Host: localhost:8081
1 > Connection: Keep-Alive
1 > User-Agent: Apache-HttpClient/4.5.14 (Java/11.0.22)
1 > Accept-Encoding: gzip,deflate
{"name":"Iphone 900","description":"Gama Alta de Apple","price":3000}

23:06:07.958 [pool-2-thread-2] DEBUG com.intuit.karate - request:
1 > POST http://localhost:8081/api/v1/product/
1 > Accept: application/json
1 > Content-Type: application/json; charset=UTF-8
1 > Content-Length: 69
1 > Host: localhost:8081
1 > Connection: Keep-Alive
1 > User-Agent: Apache-HttpClient/4.5.14 (Java/11.0.22)
1 > Accept-Encoding: gzip,deflate
{"name":"Iphone 900","description":"Gama Alta de Apple","price":3000}

23:06:07.958 [pool-2-thread-3] DEBUG com.intuit.karate - request:
1 > POST http://localhost:8081/api/v1/product/
1 > Accept: application/json
1 > Content-Type: application/json; charset=UTF-8
1 > Content-Length: 62
1 > Host: localhost:8081
1 > Connection: Keep-Alive
1 > User-Agent: Apache-HttpClient/4.5.14 (Java/11.0.22)
1 > Accept-Encoding: gzip,deflate
{"name":"","description":"Telefono de alta gama","price":1850}

23:06:08.025 [pool-2-thread-3] DEBUG com.intuit.karate - response time in milliseconds: 63
1 < 400
1 < Content-Type: application/json
1 < Transfer-Encoding: chunked
1 < Date: Wed, 24 Apr 2024 04:06:08 GMT
1 < Connection: close
{"sku":"","status":false,"message":"El nombre del producto no fue proporcionado"}

23:06:08.025 [pool-2-thread-2] DEBUG com.intuit.karate - response time in milliseconds: 62
1 < 201
1 < Content-Type: application/json
1 < Transfer-Encoding: chunked
1 < Date: Wed, 24 Apr 2024 04:06:08 GMT
1 < Keep-Alive: timeout=60
1 < Connection: keep-alive
{"sku":"d49194e0-2ce3-48ae-9ca5-d60393bd88b5","status":true,"message":"El producto fue creado con éxito!"}

23:06:08.025 [pool-2-thread-5] DEBUG com.intuit.karate - response time in milliseconds: 63
1 < 201
1 < Content-Type: application/json
1 < Transfer-Encoding: chunked
1 < Date: Wed, 24 Apr 2024 04:06:08 GMT
1 < Keep-Alive: timeout=60
1 < Connection: keep-alive
{"sku":"1384b191-0be0-4968-8db3-42cfd336e37f","status":true,"message":"El producto fue creado con éxito!"}

23:06:08.025 [pool-2-thread-1] DEBUG com.intuit.karate - response time in milliseconds: 63
1 < 201
1 < Content-Type: application/json
1 < Transfer-Encoding: chunked
1 < Date: Wed, 24 Apr 2024 04:06:08 GMT
1 < Keep-Alive: timeout=60
1 < Connection: keep-alive
{"sku":"c9e163ab-5b2c-4e8e-9250-ddd3e9712b9d","status":true,"message":"El producto fue creado con éxito!"}

23:06:08.025 [pool-2-thread-4] DEBUG com.intuit.karate - response time in milliseconds: 64
1 < 400
1 < Content-Type: application/json
1 < Transfer-Encoding: chunked
1 < Date: Wed, 24 Apr 2024 04:06:08 GMT
1 < Connection: close
{"sku":"","status":false,"message":"La descripción del producto no fue proporcionada"}

23:06:08.033 [pool-2-thread-2] INFO  com.intuit.karate - [print] d49194e0-2ce3-48ae-9ca5-d60393bd88b5 
23:06:08.034 [pool-2-thread-5] INFO  com.intuit.karate - << lock released, cached callonce: read("nuevo.feature")
23:06:08.039 [pool-2-thread-5] INFO  com.intuit.karate - [print] {
  "sku": "1384b191-0be0-4968-8db3-42cfd336e37f",
  "status": true,
  "message": "El producto fue creado con éxito!"
}
 
23:06:08.050 [pool-2-thread-5] DEBUG com.intuit.karate - request:
1 > DELETE http://localhost:8081/api/v1/product/1384b191-0be0-4968-8db3-42cfd336e37f/
1 > Accept: application/json
1 > Host: localhost:8081
1 > Connection: Keep-Alive
1 > User-Agent: Apache-HttpClient/4.5.14 (Java/11.0.22)
1 > Accept-Encoding: gzip,deflate


23:06:08.053 [pool-2-thread-1] DEBUG com.intuit.karate - request:
2 > PUT http://localhost:8081/api/v1/product/c9e163ab-5b2c-4e8e-9250-ddd3e9712b9d/
2 > Accept: application/json
2 > Content-Type: application/json; charset=UTF-8
2 > Content-Length: 61
2 > Host: localhost:8081
2 > Connection: Keep-Alive
2 > User-Agent: Apache-HttpClient/4.5.14 (Java/11.0.22)
2 > Accept-Encoding: gzip,deflate
{"name":"","description":"Gama Alta de Apple 1","price":2100}

23:06:08.066 [pool-2-thread-2] DEBUG com.intuit.karate - request:
2 > PUT http://localhost:8081/api/v1/product/d49194e0-2ce3-48ae-9ca5-d60393bd88b5123/
2 > Accept: application/json
2 > Content-Type: application/json; charset=UTF-8
2 > Content-Length: 81
2 > Host: localhost:8081
2 > Connection: Keep-Alive
2 > User-Agent: Apache-HttpClient/4.5.14 (Java/11.0.22)
2 > Accept-Encoding: gzip,deflate
{"name":"Iphone Actualizado 2","description":"Gama Alta de Apple 2","price":2200}

23:06:08.066 [pool-2-thread-5] DEBUG com.intuit.karate - response time in milliseconds: 16
1 < 200
1 < Content-Type: application/json
1 < Transfer-Encoding: chunked
1 < Date: Wed, 24 Apr 2024 04:06:08 GMT
1 < Keep-Alive: timeout=60
1 < Connection: keep-alive
{"count":1,"status":true,"message":"El producto fue eliminado con éxito"}

23:06:08.076 [pool-2-thread-1] DEBUG com.intuit.karate - response time in milliseconds: 23
2 < 400
2 < Content-Type: application/json
2 < Transfer-Encoding: chunked
2 < Date: Wed, 24 Apr 2024 04:06:08 GMT
2 < Connection: close
{"sku":"c9e163ab-5b2c-4e8e-9250-ddd3e9712b9d","status":false,"message":"El nuevo nombre no debe estar en blanco"}

23:06:08.081 [pool-2-thread-1] INFO  com.intuit.karate - [print] {
  "sku": "c9e163ab-5b2c-4e8e-9250-ddd3e9712b9d",
  "status": false,
  "message": "El nuevo nombre no debe estar en blanco"
}
 
23:06:08.098 [pool-2-thread-2] DEBUG com.intuit.karate - response time in milliseconds: 28
2 < 400
2 < Content-Type: application/json
2 < Transfer-Encoding: chunked
2 < Date: Wed, 24 Apr 2024 04:06:08 GMT
2 < Connection: close
{"sku":"d49194e0-2ce3-48ae-9ca5-d60393bd88b5123","status":false,"message":"El producto no fue encontrado"}

23:06:08.106 [pool-2-thread-2] INFO  com.intuit.karate - [print] {
  "sku": "d49194e0-2ce3-48ae-9ca5-d60393bd88b5123",
  "status": false,
  "message": "El producto no fue encontrado"
}
 
23:06:08.114 [pool-2-thread-5] ERROR com.intuit.karate - classpath:examples/users/eliminar sp.feature:14
Then status 404
status code was: 200, expected: 404, response time in milliseconds: 16, url: http://localhost:8081/api/v1/product/1384b191-0be0-4968-8db3-42cfd336e37f/, response: 
{"count":1,"status":true,"message":"El producto fue eliminado con éxito"}
classpath:examples/users/eliminar sp.feature:14
23:06:08.136 [pool-2-thread-2] INFO  com.intuit.karate - karate.env system property was: null 
23:06:08.157 [pool-2-thread-2] INFO  com.intuit.karate - [print] {
  "sku": "1384b191-0be0-4968-8db3-42cfd336e37f",
  "status": true,
  "message": "El producto fue creado con éxito!"
}
 
23:06:08.166 [pool-2-thread-2] DEBUG com.intuit.karate - request:
1 > DELETE http://localhost:8081/api/v1/product/1384b191-0be0-4968-8db3-42cfd336e37f/
1 > Accept: application/json
1 > Host: localhost:8081
1 > Connection: Keep-Alive
1 > User-Agent: Apache-HttpClient/4.5.14 (Java/11.0.22)
1 > Accept-Encoding: gzip,deflate


23:06:08.175 [pool-2-thread-4] INFO  com.intuit.karate - karate.env system property was: null 
23:06:08.182 [pool-2-thread-2] DEBUG com.intuit.karate - response time in milliseconds: 11
1 < 400
1 < Content-Type: application/json
1 < Transfer-Encoding: chunked
1 < Date: Wed, 24 Apr 2024 04:06:08 GMT
1 < Connection: close
{"count":0,"status":false,"message":"El producto no fue encontrado"}

23:06:08.182 [pool-2-thread-1] INFO  com.intuit.karate - karate.env system property was: null 
23:06:08.185 [pool-2-thread-2] ERROR com.intuit.karate - classpath:examples/users/eliminar sp.feature:14
Then status 500
status code was: 400, expected: 500, response time in milliseconds: 11, url: http://localhost:8081/api/v1/product/1384b191-0be0-4968-8db3-42cfd336e37f/, response: 
{"count":0,"status":false,"message":"El producto no fue encontrado"}
classpath:examples/users/eliminar sp.feature:14
23:06:08.190 [pool-2-thread-1] DEBUG com.intuit.karate - request:
1 > GET http://localhost:8081/api/v1/product1
1 > Accept: application/json
1 > Host: localhost:8081
1 > Connection: Keep-Alive
1 > User-Agent: Apache-HttpClient/4.5.14 (Java/11.0.22)
1 > Accept-Encoding: gzip,deflate


23:06:08.204 [pool-2-thread-4] INFO  com.intuit.karate - [print] http://localhost:8081 
23:06:08.204 [pool-2-thread-2] INFO  com.intuit.karate - karate.env system property was: null 
23:06:08.207 [pool-2-thread-5] INFO  com.intuit.karate - karate.env system property was: null 
23:06:08.216 [pool-2-thread-3] INFO  com.intuit.karate - karate.env system property was: null 
23:06:08.220 [pool-2-thread-1] DEBUG com.intuit.karate - response time in milliseconds: 15
1 < 404
1 < Vary: Origin
1 < Vary: Access-Control-Request-Method
1 < Vary: Access-Control-Request-Headers
1 < Content-Type: application/json
1 < Transfer-Encoding: chunked
1 < Date: Wed, 24 Apr 2024 04:06:08 GMT
1 < Keep-Alive: timeout=60
1 < Connection: keep-alive
{"timestamp":"2024-04-24T04:06:08.217+00:00","status":404,"error":"Not Found","path":"/api/v1/product1"}

23:06:08.221 [pool-2-thread-5] DEBUG com.intuit.karate - request:
1 > POST http://localhost:8081/api/v1/product/
1 > Accept: application/json
1 > Content-Type: application/json; charset=UTF-8
1 > Content-Length: 69
1 > Host: localhost:8081
1 > Connection: Keep-Alive
1 > User-Agent: Apache-HttpClient/4.5.14 (Java/11.0.22)
1 > Accept-Encoding: gzip,deflate
{"name":"Iphone 900","description":"Gama Alta de Apple","price":3000}

23:06:08.223 [pool-2-thread-2] INFO  com.intuit.karate - >> lock acquired, begin callonce: read('nuevo.feature')
23:06:08.225 [pool-2-thread-4] INFO  com.intuit.karate - >> lock acquired, begin callonce: read("nuevo.feature")
23:06:08.248 [pool-2-thread-3] DEBUG com.intuit.karate - request:
1 > GET http://localhost:8081/api/v1/product/
1 > Accept: application/json
1 > Host: localhost:8081
1 > Connection: Keep-Alive
1 > User-Agent: Apache-HttpClient/4.5.14 (Java/11.0.22)
1 > Accept-Encoding: gzip,deflate


23:06:08.248 [pool-2-thread-5] DEBUG com.intuit.karate - response time in milliseconds: 25
1 < 201
1 < Content-Type: application/json
1 < Transfer-Encoding: chunked
1 < Date: Wed, 24 Apr 2024 04:06:08 GMT
1 < Keep-Alive: timeout=60
1 < Connection: keep-alive
{"sku":"ef86dff7-f257-40d6-97a0-47843146cca8","status":true,"message":"El producto fue creado con éxito!"}

23:06:08.257 [pool-2-thread-4] DEBUG com.intuit.karate - request:
1 > POST http://localhost:8081/api/v1/product/
1 > Accept: application/json
1 > Content-Type: application/json; charset=UTF-8
1 > Content-Length: 69
1 > Host: localhost:8081
1 > Connection: Keep-Alive
1 > User-Agent: Apache-HttpClient/4.5.14 (Java/11.0.22)
1 > Accept-Encoding: gzip,deflate
{"name":"Iphone 900","description":"Gama Alta de Apple","price":3000}

23:06:08.270 [pool-2-thread-1] INFO  com.intuit.karate - karate.env system property was: null 
23:06:08.291 [pool-2-thread-1] DEBUG com.intuit.karate - request:
1 > GET http://localhost:8081/api/v1/product/1841/
1 > Accept: application/json
1 > Host: localhost:8081
1 > Connection: Keep-Alive
1 > User-Agent: Apache-HttpClient/4.5.14 (Java/11.0.22)
1 > Accept-Encoding: gzip,deflate


23:06:08.290 [pool-2-thread-3] DEBUG com.intuit.karate - response time in milliseconds: 41
1 < 200
1 < Content-Type: application/json
1 < Transfer-Encoding: chunked
1 < Date: Wed, 24 Apr 2024 04:06:08 GMT
1 < Keep-Alive: timeout=60
1 < Connection: keep-alive
{"products":[{"id":1,"name":"Iphone 900","sku":"c0b0ff30-e1a0-422a-b990-ca4516f351f0","description":"Gama Alta de Apple","price":3000.0},{"id":2,"name":"Iphone 900","sku":"c8ad4a70-77e1-42ad-b16b-ab53ce411f58","description":"Gama Alta de Apple","price":3000.0},{"id":3,"name":"Iphone 900","sku":"b355c016-2faf-48dc-b004-aceb4659cc05","description":"Gama Alta de Apple","price":3000.0},{"id":4,"name":"Iphone 900","sku":"8585ffe7-bcdf-4235-bfa9-35369685de9d","description":"Gama Alta de Apple","price":3000.0},{"id":5,"name":"Iphone 900","sku":"0c9ce50e-6d09-4a59-bec6-cb2ca00ee2fb","description":"Gama Alta de Apple","price":3000.0},{"id":6,"name":"Iphone 900","sku":"493a7fe8-c9ab-4245-af5c-d39a672cb76d","description":"Gama Alta de Apple","price":3000.0},{"id":8,"name":"Iphone 900","sku":"0794fa5a-f460-4a8a-89aa-cc769225692d","description":"Gama Alta de Apple","price":3000.0},{"id":9,"name":"Iphone 900","sku":"e42c4912-98d7-477c-9247-b0ddaa4bade9","description":"Gama Alta de Apple","price":3000.0},{"id":10,"name":"Iphone 900","sku":"19f438ed-6bd6-4054-a2a7-eaadc3061279","description":"Gama Alta de Apple","price":3000.0},{"id":13,"name":"Iphone 900","sku":"df911010-e904-450b-b269-cd94a7353179","description":"Gama Alta de Apple","price":3000.0},{"id":14,"name":"Iphone 900","sku":"79adc21e-a1f9-44ea-833e-39b0b066bee7","description":"Gama Alta de Apple","price":3000.0},{"id":15,"name":"Iphone 900","sku":"80a1c398-e72f-48c0-b773-547812b87c60","description":"Gama Alta de Apple","price":3000.0},{"id":16,"name":"Iphone 900","sku":"52325088-00b9-4e59-b572-acb1773a4f44","description":"Gama Alta de Apple","price":3000.0},{"id":17,"name":"Iphone 900","sku":"c815a778-9b60-4c5b-97de-f0ce27564b60","description":"Gama Alta de Apple","price":3000.0},{"id":19,"name":"Iphone 900","sku":"5b4ed941-331f-493d-bd04-252e268b3b18","description":"Gama Alta de Apple","price":3000.0},{"id":20,"name":"Iphone 900","sku":"7fca182a-773c-420e-8472-ba6bf99af7e8","description":"Gama Alta de Apple","price":3000.0},{"id":21,"name":"Iphone 900","sku":"d49194e0-2ce3-48ae-9ca5-d60393bd88b5","description":"Gama Alta de Apple","price":3000.0},{"id":22,"name":"Iphone 900","sku":"c9e163ab-5b2c-4e8e-9250-ddd3e9712b9d","description":"Gama Alta de Apple","price":3000.0},{"id":24,"name":"Iphone 900","sku":"ef86dff7-f257-40d6-97a0-47843146cca8","description":"Gama Alta de Apple","price":3000.0}],"status":true,"message":"Se encontró 19 producto(s)"}

23:06:08.293 [pool-2-thread-2] DEBUG com.intuit.karate - request:
1 > POST http://localhost:8081/api/v1/product/
1 > Accept: application/json
1 > Content-Type: application/json; charset=UTF-8
1 > Content-Length: 69
1 > Host: localhost:8081
1 > Connection: Keep-Alive
1 > User-Agent: Apache-HttpClient/4.5.14 (Java/11.0.22)
1 > Accept-Encoding: gzip,deflate
{"name":"Iphone 900","description":"Gama Alta de Apple","price":3000}

23:06:08.301 [pool-2-thread-4] DEBUG com.intuit.karate - response time in milliseconds: 42
1 < 201
1 < Content-Type: application/json
1 < Transfer-Encoding: chunked
1 < Date: Wed, 24 Apr 2024 04:06:08 GMT
1 < Keep-Alive: timeout=60
1 < Connection: keep-alive
{"sku":"6e1ac414-ac86-4277-8ed7-aa656a795104","status":true,"message":"El producto fue creado con éxito!"}

23:06:08.303 [pool-2-thread-4] INFO  com.intuit.karate - << lock released, cached callonce: read("nuevo.feature")
23:06:08.310 [pool-2-thread-4] DEBUG com.intuit.karate - request:
1 > DELETE http://localhost:8081/api/v1/product/6e1ac414-ac86-4277-8ed7-aa656a795104/
1 > Accept: application/json
1 > Host: localhost:8081
1 > Connection: Keep-Alive
1 > User-Agent: Apache-HttpClient/4.5.14 (Java/11.0.22)
1 > Accept-Encoding: gzip,deflate


23:06:08.322 [pool-2-thread-1] DEBUG com.intuit.karate - response time in milliseconds: 30
1 < 200
1 < Content-Type: application/json
1 < Transfer-Encoding: chunked
1 < Date: Wed, 24 Apr 2024 04:06:08 GMT
1 < Keep-Alive: timeout=60
1 < Connection: keep-alive
{"products":[],"status":false,"message":"El producto no fue encontrado"}

23:06:08.325 [pool-2-thread-2] DEBUG com.intuit.karate - response time in milliseconds: 29
1 < 201
1 < Content-Type: application/json
1 < Transfer-Encoding: chunked
1 < Date: Wed, 24 Apr 2024 04:06:08 GMT
1 < Keep-Alive: timeout=60
1 < Connection: keep-alive
{"sku":"7fe60a06-1297-4423-a48e-424618c215e9","status":true,"message":"El producto fue creado con éxito!"}

23:06:08.328 [pool-2-thread-2] INFO  com.intuit.karate - << lock released, cached callonce: read('nuevo.feature')
23:06:08.330 [pool-2-thread-2] INFO  com.intuit.karate - [print] {
  "sku": "7fe60a06-1297-4423-a48e-424618c215e9",
  "status": true,
  "message": "El producto fue creado con éxito!"
}
 
23:06:08.332 [pool-2-thread-1] DEBUG com.intuit.karate - request:
2 > GET http://localhost:8081/api/v1/product/@/
2 > Accept: application/json
2 > Host: localhost:8081
2 > Connection: Keep-Alive
2 > User-Agent: Apache-HttpClient/4.5.14 (Java/11.0.22)
2 > Accept-Encoding: gzip,deflate


23:06:08.335 [pool-2-thread-2] DEBUG com.intuit.karate - request:
1 > GET http://localhost:8081/api/v1/product/7fe60a06-1297-4423-a48e-424618c215e9/
1 > Accept: application/json
1 > Host: localhost:8081
1 > Connection: Keep-Alive
1 > User-Agent: Apache-HttpClient/4.5.14 (Java/11.0.22)
1 > Accept-Encoding: gzip,deflate


23:06:08.345 [pool-2-thread-4] DEBUG com.intuit.karate - response time in milliseconds: 35
1 < 200
1 < Content-Type: application/json
1 < Transfer-Encoding: chunked
1 < Date: Wed, 24 Apr 2024 04:06:08 GMT
1 < Keep-Alive: timeout=60
1 < Connection: keep-alive
{"count":1,"status":true,"message":"El producto fue eliminado con éxito"}

23:06:08.382 [pool-2-thread-1] DEBUG com.intuit.karate - response time in milliseconds: 48
2 < 200
2 < Content-Type: application/json
2 < Transfer-Encoding: chunked
2 < Date: Wed, 24 Apr 2024 04:06:08 GMT
2 < Keep-Alive: timeout=60
2 < Connection: keep-alive
{"products":[],"status":false,"message":"El producto no fue encontrado"}

23:06:08.389 [pool-2-thread-1] DEBUG com.intuit.karate - request:
3 > GET http://localhost:8081/api/v1/product/null/
3 > Accept: application/json
3 > Host: localhost:8081
3 > Connection: Keep-Alive
3 > User-Agent: Apache-HttpClient/4.5.14 (Java/11.0.22)
3 > Accept-Encoding: gzip,deflate


23:06:08.398 [pool-2-thread-2] DEBUG com.intuit.karate - response time in milliseconds: 62
1 < 200
1 < Content-Type: application/json
1 < Transfer-Encoding: chunked
1 < Date: Wed, 24 Apr 2024 04:06:08 GMT
1 < Keep-Alive: timeout=60
1 < Connection: keep-alive
{"products":[{"id":26,"name":"Iphone 900","sku":"7fe60a06-1297-4423-a48e-424618c215e9","description":"Gama Alta de Apple","price":3000.0}],"status":true,"message":"El producto fue encontrado"}

23:06:08.435 [pool-2-thread-1] DEBUG com.intuit.karate - response time in milliseconds: 45
3 < 200
3 < Content-Type: application/json
3 < Transfer-Encoding: chunked
3 < Date: Wed, 24 Apr 2024 04:06:08 GMT
3 < Keep-Alive: timeout=60
3 < Connection: keep-alive
{"products":[],"status":false,"message":"El producto no fue encontrado"}

23:06:08.446 [pool-2-thread-1] DEBUG com.intuit.karate - request:
4 > GET http://localhost:8081/api/v1/product/123/
4 > Accept: application/json
4 > Host: localhost:8081
4 > Connection: Keep-Alive
4 > User-Agent: Apache-HttpClient/4.5.14 (Java/11.0.22)
4 > Accept-Encoding: gzip,deflate


23:06:08.464 [pool-2-thread-1] DEBUG com.intuit.karate - response time in milliseconds: 18
4 < 200
4 < Content-Type: application/json
4 < Transfer-Encoding: chunked
4 < Date: Wed, 24 Apr 2024 04:06:08 GMT
4 < Keep-Alive: timeout=60
4 < Connection: keep-alive
{"products":[],"status":false,"message":"El producto no fue encontrado"}

23:06:08.472 [pool-2-thread-1] DEBUG com.intuit.karate - request:
5 > GET http://localhost:8081/api/v1/product1/123/
5 > Accept: application/json
5 > Host: localhost:8081
5 > Connection: Keep-Alive
5 > User-Agent: Apache-HttpClient/4.5.14 (Java/11.0.22)
5 > Accept-Encoding: gzip,deflate


23:06:08.480 [pool-2-thread-1] DEBUG com.intuit.karate - response time in milliseconds: 8
5 < 404
5 < Vary: Origin
5 < Vary: Access-Control-Request-Method
5 < Vary: Access-Control-Request-Headers
5 < Content-Type: application/json
5 < Transfer-Encoding: chunked
5 < Date: Wed, 24 Apr 2024 04:06:08 GMT
5 < Keep-Alive: timeout=60
5 < Connection: keep-alive
{"timestamp":"2024-04-24T04:06:08.479+00:00","status":404,"error":"Not Found","path":"/api/v1/product1/123/"}

---------------------------------------------------------
feature: classpath:examples/users/actualizar1-SP.feature
scenarios:  1 | passed:  1 | failed:  0 | time: 1.1075
---------------------------------------------------------

23:06:09.912 [pool-3-thread-1] INFO  com.intuit.karate.Suite - <<pass>> feature 1 of 11 (10 remaining) classpath:examples/users/actualizar1-SP.feature
---------------------------------------------------------
feature: classpath:examples/users/actualizar2-SP.feature
scenarios:  1 | passed:  1 | failed:  0 | time: 1.1140
---------------------------------------------------------

23:06:10.124 [pool-3-thread-1] INFO  com.intuit.karate.Suite - <<pass>> feature 2 of 11 (9 remaining) classpath:examples/users/actualizar2-SP.feature
---------------------------------------------------------
feature: classpath:examples/users/create1-SP.feature
scenarios:  1 | passed:  1 | failed:  0 | time: 1.1434
---------------------------------------------------------

23:06:10.232 [pool-3-thread-1] INFO  com.intuit.karate.Suite - <<pass>> feature 3 of 11 (8 remaining) classpath:examples/users/create1-SP.feature
---------------------------------------------------------
feature: classpath:examples/users/create2-SP.feature
scenarios:  1 | passed:  1 | failed:  0 | time: 1.1198
---------------------------------------------------------

23:06:10.356 [pool-3-thread-1] INFO  com.intuit.karate.Suite - <<pass>> feature 4 of 11 (7 remaining) classpath:examples/users/create2-SP.feature
---------------------------------------------------------
feature: classpath:examples/users/eliminar sp.feature
scenarios:  2 | passed:  0 | failed:  2 | time: 1.1284
---------------------------------------------------------

23:06:10.642 [pool-3-thread-1] INFO  com.intuit.karate.Suite - <<fail>> feature 5 of 11 (6 remaining) classpath:examples/users/eliminar sp.feature
---------------------------------------------------------
feature: classpath:examples/users/eliminar.feature
scenarios:  1 | passed:  1 | failed:  0 | time: 0.1456
---------------------------------------------------------

23:06:10.782 [pool-3-thread-1] INFO  com.intuit.karate.Suite - <<pass>> feature 6 of 11 (5 remaining) classpath:examples/users/eliminar.feature
---------------------------------------------------------
feature: classpath:examples/users/listar.feature
scenarios:  1 | passed:  1 | failed:  0 | time: 0.0637
---------------------------------------------------------

23:06:10.836 [pool-3-thread-1] INFO  com.intuit.karate.Suite - <<pass>> feature 7 of 11 (4 remaining) classpath:examples/users/listar.feature
---------------------------------------------------------
feature: classpath:examples/users/listar_sp.feature
scenarios:  1 | passed:  1 | failed:  0 | time: 0.0613
---------------------------------------------------------

23:06:10.886 [pool-3-thread-1] INFO  com.intuit.karate.Suite - <<pass>> feature 8 of 11 (3 remaining) classpath:examples/users/listar_sp.feature
---------------------------------------------------------
feature: classpath:examples/users/nuevo.feature
scenarios:  1 | passed:  1 | failed:  0 | time: 0.0396
---------------------------------------------------------

23:06:10.951 [pool-3-thread-1] INFO  com.intuit.karate.Suite - <<pass>> feature 9 of 11 (2 remaining) classpath:examples/users/nuevo.feature
---------------------------------------------------------
feature: classpath:examples/users/obtener.feature
scenarios:  1 | passed:  1 | failed:  0 | time: 0.1987
---------------------------------------------------------

23:06:11.060 [pool-3-thread-1] INFO  com.intuit.karate.Suite - <<pass>> feature 10 of 11 (1 remaining) classpath:examples/users/obtener.feature
---------------------------------------------------------
feature: classpath:examples/users/obtener_sp.feature
scenarios:  1 | passed:  1 | failed:  0 | time: 0.2047
---------------------------------------------------------

23:06:11.240 [pool-3-thread-1] INFO  com.intuit.karate.Suite - <<pass>> feature 11 of 11 (0 remaining) classpath:examples/users/obtener_sp.feature
Karate version: 1.4.1
======================================================
elapsed:   8.56 | threads:    5 | thread time: 6.33 
features:    11 | skipped:    0 | efficiency: 0.15
scenarios:   12 | passed:    10 | failed: 2
======================================================
>>> failed features:
status code was: 200, expected: 404, response time in milliseconds: 16, url: http://localhost:8081/api/v1/product/1384b191-0be0-4968-8db3-42cfd336e37f/, response: 
{"count":1,"status":true,"message":"El producto fue eliminado con éxito"}
classpath:examples/users/eliminar sp.feature:14
status code was: 400, expected: 500, response time in milliseconds: 11, url: http://localhost:8081/api/v1/product/1384b191-0be0-4968-8db3-42cfd336e37f/, response: 
{"count":0,"status":false,"message":"El producto no fue encontrado"}
classpath:examples/users/eliminar sp.feature:14
<<<

HTML report: (paste into browser to view) | Karate version: 1.4.1
file:///C:/Users/jobli/Documents/workspace-spring-tool-suite-4-4.22.0.RELEASE/com.jbenterprice/target/karate-reports/karate-summary.html
===================================================================

]]></system-out>
  </testcase>
</testsuite>